             JOBID PARTITION     NAME     USER ST       TIME  NODES NODELIST(REASON)
           2620059 regularlo atm_lnav s3813053 PD       0:00      1 (Priority)
           2620058 regularlo atm_lnav s3813053 PD       0:00      1 (Nodes required for job are DOWN, DRAINED or reserved for jobs in higher priority partitions)
           2598058 regularlo atm_cpa9 s3813053  R 2-00:52:17      1 node49
           2598057 regularlo atm_cpa8 s3813053  R 2-00:52:20      1 node49
           2598055 regularlo atm_cpa3 s3813053  R 2-00:54:14      1 node49
           2598054 regularlo atm_cpa2 s3813053  R 2-00:54:18      1 node49
           2598053 regularlo atm_cpa1 s3813053  R 2-00:54:21      1 node49
           2598042 regularlo atm_cpa2 s3813053  R 2-00:58:47      1 node46
           2598041 regularlo atm_lnav s3813053  R 2-00:59:08      1 node43
           2598010 regularlo atm_lnav s3813053  R 2-01:09:56      1 node42
           2598008 regularlo atm_lnav s3813053  R 2-01:10:26      1 node42
           2598009 regularlo atm_lnav s3813053  R 2-01:10:26      1 node42
           2598004 regularlo atm_spar s3813053  R 2-01:14:08      1 node38
           2598002 regularlo atm_spar s3813053  R 2-01:14:11      1 node38
           2598001 regularlo atm_spar s3813053  R 2-01:14:14      1 node38
           2597985 regularlo atm_cpa7 s3813053  R 2-01:15:26      1 node34
           2597984 regularlo atm_cpa6 s3813053  R 2-01:15:29      1 node32
           2597983 regularlo atm_cpa5 s3813053  R 2-01:15:31      1 node32
           2597982 regularlo atm_cpa4 s3813053  R 2-01:15:34      1 node32
           2597976 regularlo atm_lnav s3813053  R 2-01:16:11      1 node30
           2597975 regularlo atm_lnav s3813053  R 2-01:16:14      1 node30
           2597974 regularlo atm_lnav s3813053  R 2-01:16:17      1 node29
           2597973 regularlo atm_lnav s3813053  R 2-01:16:20      1 node29
           2597972 regularlo atm_lnav s3813053  R 2-01:16:23      1 node29
           2597968 regularlo atm_spar s3813053  R 2-01:17:30      1 node27
           2597967 regularlo atm_spar s3813053  R 2-01:17:33      1 node27
           2597966 regularlo atm_spar s3813053  R 2-01:17:36      1 node27
           2597963 regularlo atm_spar s3813053  R 2-01:17:44      1 node24
           2597962 regularlo atm_spar s3813053  R 2-01:17:46      1 node22
           2597961 regularlo atm_spar s3813053  R 2-01:17:47      1 node22
           2597960 regularlo atm_spar s3813053  R 2-01:17:50      1 node22
           2597952 regularlo atm_cpa9 s3813053  R 2-01:22:17      1 node17
           2597950 regularlo atm_cpa8 s3813053  R 2-01:22:20      1 node17
           2597949 regularlo atm_cpa7 s3813053  R 2-01:22:23      1 node17
           2597947 regularlo atm_cpa6 s3813053  R 2-01:22:26      1 node15
           2597946 regularlo atm_cpa5 s3813053  R 2-01:22:29      1 node15
           2597945 regularlo atm_cpa4 s3813053  R 2-01:22:31      1 node15
           2597942 regularlo atm_cpa1 s3813053  R 2-01:22:37      1 node14
           2597939 regularlo atm_lnav s3813053  R 2-01:23:53      1 node40
           2597938 regularlo atm_lnav s3813053  R 2-01:23:56      1 node40
           2597936 regularlo atm_lnav s3813053  R 2-01:28:01      1 node13
           2597937 regularlo atm_lnav s3813053  R 2-01:28:01      1 node13
           2597935 regularlo atm_lnav s3813053  R 2-01:28:04      1 node13
           2597929 regularlo atm_lnav s3813053  R 2-01:28:19      1 node11
           2598043 regularlo atm_cpa3 s3813053  R 1-21:42:20      1 node46
           2598045 regularlo atm_spar s3813053  R 1-21:42:20      1 node46
           2598046 regularlo atm_spar s3813053  R 1-21:42:20      1 node46
           2598052 regularlo atm_lnav s3813053  R 1-21:42:20      1 node30
           2598059 regularlo atm_spar s3813053  R 1-21:42:20      1 node50
           2598060 regularlo atm_spar s3813053  R 1-21:42:20      1 node50
           2598061 regularlo atm_spar s3813053  R 1-21:42:20      1 node50
           2598062 regularlo atm_spar s3813053  R 1-21:42:20      1 node50
           2598063 regularlo atm_spar s3813053  R 1-21:42:20      1 node50
           2598064 regularlo atm_spar s3813053  R 1-21:42:20      1 node50
